<?xml version="1.0" encoding="utf-8"?><testsuites name="pytest tests"><testsuite name="pytest" errors="0" failures="1" skipped="0" tests="22" time="5.195" timestamp="2026-06-08T16:16:06.411860+00:00" hostname="agent-env-61184933-ccc4-432f-bb87-63e5f486e564"><testcase classname="backend.tests.backend_test.TestAuth" name="test_login_success_sets_httponly_cookie" time="0.571" /><testcase classname="backend.tests.backend_test.TestAuth" name="test_login_invalid_credentials" time="0.563" /><testcase classname="backend.tests.backend_test.TestAuth" name="test_login_missing_fields" time="0.172" /><testcase classname="backend.tests.backend_test.TestAuth" name="test_me_authenticated" time="0.574" /><testcase classname="backend.tests.backend_test.TestAuth" name="test_me_unauthenticated" time="0.188" /><testcase classname="backend.tests.backend_test.TestTables" name="test_create_table_requires_admin" time="0.156" /><testcase classname="backend.tests.backend_test.TestTables" name="test_admin_create_and_list_table" time="0.222" /><testcase classname="backend.tests.backend_test.TestTables" name="test_create_duplicate_table_fails" time="0.188" /><testcase classname="backend.tests.backend_test.TestMenu" name="test_admin_create_dish" time="0.102" /><testcase classname="backend.tests.backend_test.TestMenu" name="test_list_menu_public" time="0.150" /><testcase classname="backend.tests.backend_test.TestMenu" name="test_create_dish_requires_admin" time="0.150" /><testcase classname="backend.tests.backend_test.TestGuestAndOrder" name="test_setup_table" time="0.096" /><testcase classname="backend.tests.backend_test.TestGuestAndOrder" name="test_register_guest" time="0.103" /><testcase classname="backend.tests.backend_test.TestGuestAndOrder" name="test_register_guest_invalid_table" time="0.130" /><testcase classname="backend.tests.backend_test.TestGuestAndOrder" name="test_register_guest_missing_name" time="0.177" /><testcase classname="backend.tests.backend_test.TestGuestAndOrder" name="test_get_guest_detail" time="0.167" /><testcase classname="backend.tests.backend_test.TestGuestAndOrder" name="test_create_order" time="0.248" /><testcase classname="backend.tests.backend_test.TestGuestAndOrder" name="test_duplicate_order_rejected" time="0.193" /><testcase classname="backend.tests.backend_test.TestGuestAndOrder" name="test_update_order_within_window" time="0.174"><failure message="AssertionError: {&quot;detail&quot;: &quot;can't compare offset-naive and offset-aware datetimes&quot;}&#10;assert 500 == 200&#10; +  where 500 = &lt;Response [500]&gt;.status_code">backend/tests/backend_test.py:175: in test_update_order_within_window
    assert r.status_code == 200, r.text
E   AssertionError: {"detail": "can't compare offset-naive and offset-aware datetimes"}
E   assert 500 == 200
E    +  where 500 = &lt;Response [500]&gt;.status_code</failure></testcase><testcase classname="backend.tests.backend_test.TestAdminResults" name="test_requires_admin" time="0.176" /><testcase classname="backend.tests.backend_test.TestAdminResults" name="test_returns_sorted_results" time="0.125" /><testcase classname="backend.tests.backend_test.TestGallery" name="test_gallery_public" time="0.380" /></testsuite></testsuites>